[WARNING] | 2026-04-16 09:40:32,102 | django.request | log | Not Found: /favicon.ico
[WARNING] | 2026-04-22 19:24:08,058 | django.request | log | Not Found: /favicon.ico
[WARNING] | 2026-04-22 20:49:41,050 | django.request | log | Unauthorized: /tasks/
[WARNING] | 2026-04-22 20:52:43,166 | django.request | log | Unauthorized: /tasks/
[WARNING] | 2026-04-22 20:53:49,726 | django.request | log | Unauthorized: /tasks/
[WARNING] | 2026-04-22 21:03:14,098 | django.request | log | Unauthorized: /tasks/
[WARNING] | 2026-04-22 21:04:46,779 | django.request | log | Not Found: /auth-token/
[WARNING] | 2026-04-22 21:05:21,931 | django.request | log | Not Found: /auth-token/
[WARNING] | 2026-04-22 21:06:00,695 | django.request | log | Not Found: /auth-token/
[WARNING] | 2026-04-22 21:20:13,054 | django.request | log | Unauthorized: /tasks/
[WARNING] | 2026-04-22 21:21:50,534 | django.request | log | Unauthorized: /tasks/
[WARNING] | 2026-04-23 07:39:54,526 | django.request | log | Not Found: /favicon.ico
[WARNING] | 2026-04-26 11:33:43,339 | django.request | log | Not Found: /favicon.ico
[WARNING] | 2026-04-26 11:34:00,479 | django.request | log | Unauthorized: /tasks/
[WARNING] | 2026-04-26 11:34:11,732 | django.request | log | Unauthorized: /tasks/
[WARNING] | 2026-04-26 11:37:48,622 | django.request | log | Unauthorized: /tasks/
[WARNING] | 2026-04-26 11:38:00,687 | django.request | log | Unauthorized: /tasks/
[WARNING] | 2026-04-26 11:38:48,474 | django.request | log | Unauthorized: /tasks/
[WARNING] | 2026-04-26 11:40:09,243 | django.request | log | Not Found: /jwt-login/
[WARNING] | 2026-04-26 11:57:18,581 | django.request | log | Unauthorized: /tasks/
[WARNING] | 2026-04-26 12:03:21,601 | django.request | log | Not Found: /tasks/1/
[WARNING] | 2026-04-26 12:21:19,321 | django.request | log | Not Found: /tasks/1/
[WARNING] | 2026-04-26 12:21:28,939 | django.request | log | Not Found: /tasks/2/
[WARNING] | 2026-04-26 12:57:48,111 | django.request | log | Not Found: /favicon.ico
[WARNING] | 2026-04-26 13:00:40,674 | django.request | log | Forbidden (Permission denied): /admin/my_new_app/task/
Traceback (most recent call last):
  File "C:\Users\megas\PycharmProjects\Django_project\.venv\Lib\site-packages\django\core\handlers\exception.py", line 55, in inner
    response = get_response(request)
               ^^^^^^^^^^^^^^^^^^^^^
  File "C:\Users\megas\PycharmProjects\Django_project\.venv\Lib\site-packages\django\core\handlers\base.py", line 198, in _get_response
    response = wrapped_callback(request, *callback_args, **callback_kwargs)
               ^^^^^^^^^^^^^^^^^^^^^^^^^^^^^^^^^^^^^^^^^^^^^^^^^^^^^^^^^^^^
  File "C:\Users\megas\PycharmProjects\Django_project\.venv\Lib\site-packages\django\contrib\admin\options.py", line 710, in wrapper
    return self.admin_site.admin_view(view)(*args, **kwargs)
           ^^^^^^^^^^^^^^^^^^^^^^^^^^^^^^^^^^^^^^^^^^^^^^^^^
  File "C:\Users\megas\PycharmProjects\Django_project\.venv\Lib\site-packages\django\utils\decorators.py", line 192, in _view_wrapper
    result = _process_exception(request, e)
             ^^^^^^^^^^^^^^^^^^^^^^^^^^^^^^
  File "C:\Users\megas\PycharmProjects\Django_project\.venv\Lib\site-packages\django\utils\decorators.py", line 190, in _view_wrapper
    response = view_func(request, *args, **kwargs)
               ^^^^^^^^^^^^^^^^^^^^^^^^^^^^^^^^^^^
  File "C:\Users\megas\PycharmProjects\Django_project\.venv\Lib\site-packages\django\views\decorators\cache.py", line 80, in _view_wrapper
    response = view_func(request, *args, **kwargs)
               ^^^^^^^^^^^^^^^^^^^^^^^^^^^^^^^^^^^
  File "C:\Users\megas\PycharmProjects\Django_project\.venv\Lib\site-packages\django\contrib\admin\sites.py", line 247, in inner
    return view(request, *args, **kwargs)
           ^^^^^^^^^^^^^^^^^^^^^^^^^^^^^^
  File "C:\Users\megas\PycharmProjects\Django_project\.venv\Lib\site-packages\django\utils\decorators.py", line 48, in _wrapper
    return bound_method(*args, **kwargs)
           ^^^^^^^^^^^^^^^^^^^^^^^^^^^^^
  File "C:\Users\megas\PycharmProjects\Django_project\.venv\Lib\site-packages\django\utils\decorators.py", line 192, in _view_wrapper
    result = _process_exception(request, e)
             ^^^^^^^^^^^^^^^^^^^^^^^^^^^^^^
  File "C:\Users\megas\PycharmProjects\Django_project\.venv\Lib\site-packages\django\utils\decorators.py", line 190, in _view_wrapper
    response = view_func(request, *args, **kwargs)
               ^^^^^^^^^^^^^^^^^^^^^^^^^^^^^^^^^^^
  File "C:\Users\megas\PycharmProjects\Django_project\.venv\Lib\site-packages\django\contrib\admin\options.py", line 1979, in changelist_view
    raise PermissionDenied
django.core.exceptions.PermissionDenied
[WARNING] | 2026-04-26 13:00:45,546 | django.request | log | Forbidden (Permission denied): /admin/my_new_app/task/
Traceback (most recent call last):
  File "C:\Users\megas\PycharmProjects\Django_project\.venv\Lib\site-packages\django\core\handlers\exception.py", line 55, in inner
    response = get_response(request)
               ^^^^^^^^^^^^^^^^^^^^^
  File "C:\Users\megas\PycharmProjects\Django_project\.venv\Lib\site-packages\django\core\handlers\base.py", line 198, in _get_response
    response = wrapped_callback(request, *callback_args, **callback_kwargs)
               ^^^^^^^^^^^^^^^^^^^^^^^^^^^^^^^^^^^^^^^^^^^^^^^^^^^^^^^^^^^^
  File "C:\Users\megas\PycharmProjects\Django_project\.venv\Lib\site-packages\django\contrib\admin\options.py", line 710, in wrapper
    return self.admin_site.admin_view(view)(*args, **kwargs)
           ^^^^^^^^^^^^^^^^^^^^^^^^^^^^^^^^^^^^^^^^^^^^^^^^^
  File "C:\Users\megas\PycharmProjects\Django_project\.venv\Lib\site-packages\django\utils\decorators.py", line 192, in _view_wrapper
    result = _process_exception(request, e)
             ^^^^^^^^^^^^^^^^^^^^^^^^^^^^^^
  File "C:\Users\megas\PycharmProjects\Django_project\.venv\Lib\site-packages\django\utils\decorators.py", line 190, in _view_wrapper
    response = view_func(request, *args, **kwargs)
               ^^^^^^^^^^^^^^^^^^^^^^^^^^^^^^^^^^^
  File "C:\Users\megas\PycharmProjects\Django_project\.venv\Lib\site-packages\django\views\decorators\cache.py", line 80, in _view_wrapper
    response = view_func(request, *args, **kwargs)
               ^^^^^^^^^^^^^^^^^^^^^^^^^^^^^^^^^^^
  File "C:\Users\megas\PycharmProjects\Django_project\.venv\Lib\site-packages\django\contrib\admin\sites.py", line 247, in inner
    return view(request, *args, **kwargs)
           ^^^^^^^^^^^^^^^^^^^^^^^^^^^^^^
  File "C:\Users\megas\PycharmProjects\Django_project\.venv\Lib\site-packages\django\utils\decorators.py", line 48, in _wrapper
    return bound_method(*args, **kwargs)
           ^^^^^^^^^^^^^^^^^^^^^^^^^^^^^
  File "C:\Users\megas\PycharmProjects\Django_project\.venv\Lib\site-packages\django\utils\decorators.py", line 192, in _view_wrapper
    result = _process_exception(request, e)
             ^^^^^^^^^^^^^^^^^^^^^^^^^^^^^^
  File "C:\Users\megas\PycharmProjects\Django_project\.venv\Lib\site-packages\django\utils\decorators.py", line 190, in _view_wrapper
    response = view_func(request, *args, **kwargs)
               ^^^^^^^^^^^^^^^^^^^^^^^^^^^^^^^^^^^
  File "C:\Users\megas\PycharmProjects\Django_project\.venv\Lib\site-packages\django\contrib\admin\options.py", line 1979, in changelist_view
    raise PermissionDenied
django.core.exceptions.PermissionDenied
[WARNING] | 2026-04-26 13:00:49,398 | django.request | log | Forbidden (Permission denied): /admin/my_new_app/task/
Traceback (most recent call last):
  File "C:\Users\megas\PycharmProjects\Django_project\.venv\Lib\site-packages\django\core\handlers\exception.py", line 55, in inner
    response = get_response(request)
               ^^^^^^^^^^^^^^^^^^^^^
  File "C:\Users\megas\PycharmProjects\Django_project\.venv\Lib\site-packages\django\core\handlers\base.py", line 198, in _get_response
    response = wrapped_callback(request, *callback_args, **callback_kwargs)
               ^^^^^^^^^^^^^^^^^^^^^^^^^^^^^^^^^^^^^^^^^^^^^^^^^^^^^^^^^^^^
  File "C:\Users\megas\PycharmProjects\Django_project\.venv\Lib\site-packages\django\contrib\admin\options.py", line 710, in wrapper
    return self.admin_site.admin_view(view)(*args, **kwargs)
           ^^^^^^^^^^^^^^^^^^^^^^^^^^^^^^^^^^^^^^^^^^^^^^^^^
  File "C:\Users\megas\PycharmProjects\Django_project\.venv\Lib\site-packages\django\utils\decorators.py", line 192, in _view_wrapper
    result = _process_exception(request, e)
             ^^^^^^^^^^^^^^^^^^^^^^^^^^^^^^
  File "C:\Users\megas\PycharmProjects\Django_project\.venv\Lib\site-packages\django\utils\decorators.py", line 190, in _view_wrapper
    response = view_func(request, *args, **kwargs)
               ^^^^^^^^^^^^^^^^^^^^^^^^^^^^^^^^^^^
  File "C:\Users\megas\PycharmProjects\Django_project\.venv\Lib\site-packages\django\views\decorators\cache.py", line 80, in _view_wrapper
    response = view_func(request, *args, **kwargs)
               ^^^^^^^^^^^^^^^^^^^^^^^^^^^^^^^^^^^
  File "C:\Users\megas\PycharmProjects\Django_project\.venv\Lib\site-packages\django\contrib\admin\sites.py", line 247, in inner
    return view(request, *args, **kwargs)
           ^^^^^^^^^^^^^^^^^^^^^^^^^^^^^^
  File "C:\Users\megas\PycharmProjects\Django_project\.venv\Lib\site-packages\django\utils\decorators.py", line 48, in _wrapper
    return bound_method(*args, **kwargs)
           ^^^^^^^^^^^^^^^^^^^^^^^^^^^^^
  File "C:\Users\megas\PycharmProjects\Django_project\.venv\Lib\site-packages\django\utils\decorators.py", line 192, in _view_wrapper
    result = _process_exception(request, e)
             ^^^^^^^^^^^^^^^^^^^^^^^^^^^^^^
  File "C:\Users\megas\PycharmProjects\Django_project\.venv\Lib\site-packages\django\utils\decorators.py", line 190, in _view_wrapper
    response = view_func(request, *args, **kwargs)
               ^^^^^^^^^^^^^^^^^^^^^^^^^^^^^^^^^^^
  File "C:\Users\megas\PycharmProjects\Django_project\.venv\Lib\site-packages\django\contrib\admin\options.py", line 1979, in changelist_view
    raise PermissionDenied
django.core.exceptions.PermissionDenied
[WARNING] | 2026-04-26 13:00:52,750 | django.request | log | Forbidden (Permission denied): /admin/my_new_app/task/
Traceback (most recent call last):
  File "C:\Users\megas\PycharmProjects\Django_project\.venv\Lib\site-packages\django\core\handlers\exception.py", line 55, in inner
    response = get_response(request)
               ^^^^^^^^^^^^^^^^^^^^^
  File "C:\Users\megas\PycharmProjects\Django_project\.venv\Lib\site-packages\django\core\handlers\base.py", line 198, in _get_response
    response = wrapped_callback(request, *callback_args, **callback_kwargs)
               ^^^^^^^^^^^^^^^^^^^^^^^^^^^^^^^^^^^^^^^^^^^^^^^^^^^^^^^^^^^^
  File "C:\Users\megas\PycharmProjects\Django_project\.venv\Lib\site-packages\django\contrib\admin\options.py", line 710, in wrapper
    return self.admin_site.admin_view(view)(*args, **kwargs)
           ^^^^^^^^^^^^^^^^^^^^^^^^^^^^^^^^^^^^^^^^^^^^^^^^^
  File "C:\Users\megas\PycharmProjects\Django_project\.venv\Lib\site-packages\django\utils\decorators.py", line 192, in _view_wrapper
    result = _process_exception(request, e)
             ^^^^^^^^^^^^^^^^^^^^^^^^^^^^^^
  File "C:\Users\megas\PycharmProjects\Django_project\.venv\Lib\site-packages\django\utils\decorators.py", line 190, in _view_wrapper
    response = view_func(request, *args, **kwargs)
               ^^^^^^^^^^^^^^^^^^^^^^^^^^^^^^^^^^^
  File "C:\Users\megas\PycharmProjects\Django_project\.venv\Lib\site-packages\django\views\decorators\cache.py", line 80, in _view_wrapper
    response = view_func(request, *args, **kwargs)
               ^^^^^^^^^^^^^^^^^^^^^^^^^^^^^^^^^^^
  File "C:\Users\megas\PycharmProjects\Django_project\.venv\Lib\site-packages\django\contrib\admin\sites.py", line 247, in inner
    return view(request, *args, **kwargs)
           ^^^^^^^^^^^^^^^^^^^^^^^^^^^^^^
  File "C:\Users\megas\PycharmProjects\Django_project\.venv\Lib\site-packages\django\utils\decorators.py", line 48, in _wrapper
    return bound_method(*args, **kwargs)
           ^^^^^^^^^^^^^^^^^^^^^^^^^^^^^
  File "C:\Users\megas\PycharmProjects\Django_project\.venv\Lib\site-packages\django\utils\decorators.py", line 192, in _view_wrapper
    result = _process_exception(request, e)
             ^^^^^^^^^^^^^^^^^^^^^^^^^^^^^^
  File "C:\Users\megas\PycharmProjects\Django_project\.venv\Lib\site-packages\django\utils\decorators.py", line 190, in _view_wrapper
    response = view_func(request, *args, **kwargs)
               ^^^^^^^^^^^^^^^^^^^^^^^^^^^^^^^^^^^
  File "C:\Users\megas\PycharmProjects\Django_project\.venv\Lib\site-packages\django\contrib\admin\options.py", line 1979, in changelist_view
    raise PermissionDenied
django.core.exceptions.PermissionDenied
[WARNING] | 2026-04-26 13:01:29,935 | django.request | log | Forbidden (Permission denied): /admin/auth/user/1/change/
Traceback (most recent call last):
  File "C:\Users\megas\PycharmProjects\Django_project\.venv\Lib\site-packages\django\core\handlers\exception.py", line 55, in inner
    response = get_response(request)
               ^^^^^^^^^^^^^^^^^^^^^
  File "C:\Users\megas\PycharmProjects\Django_project\.venv\Lib\site-packages\django\core\handlers\base.py", line 198, in _get_response
    response = wrapped_callback(request, *callback_args, **callback_kwargs)
               ^^^^^^^^^^^^^^^^^^^^^^^^^^^^^^^^^^^^^^^^^^^^^^^^^^^^^^^^^^^^
  File "C:\Users\megas\PycharmProjects\Django_project\.venv\Lib\site-packages\django\contrib\admin\options.py", line 710, in wrapper
    return self.admin_site.admin_view(view)(*args, **kwargs)
           ^^^^^^^^^^^^^^^^^^^^^^^^^^^^^^^^^^^^^^^^^^^^^^^^^
  File "C:\Users\megas\PycharmProjects\Django_project\.venv\Lib\site-packages\django\utils\decorators.py", line 192, in _view_wrapper
    result = _process_exception(request, e)
             ^^^^^^^^^^^^^^^^^^^^^^^^^^^^^^
  File "C:\Users\megas\PycharmProjects\Django_project\.venv\Lib\site-packages\django\utils\decorators.py", line 190, in _view_wrapper
    response = view_func(request, *args, **kwargs)
               ^^^^^^^^^^^^^^^^^^^^^^^^^^^^^^^^^^^
  File "C:\Users\megas\PycharmProjects\Django_project\.venv\Lib\site-packages\django\views\decorators\cache.py", line 80, in _view_wrapper
    response = view_func(request, *args, **kwargs)
               ^^^^^^^^^^^^^^^^^^^^^^^^^^^^^^^^^^^
  File "C:\Users\megas\PycharmProjects\Django_project\.venv\Lib\site-packages\django\contrib\admin\sites.py", line 247, in inner
    return view(request, *args, **kwargs)
           ^^^^^^^^^^^^^^^^^^^^^^^^^^^^^^
  File "C:\Users\megas\PycharmProjects\Django_project\.venv\Lib\site-packages\django\contrib\admin\options.py", line 1945, in change_view
    return self.changeform_view(request, object_id, form_url, extra_context)
           ^^^^^^^^^^^^^^^^^^^^^^^^^^^^^^^^^^^^^^^^^^^^^^^^^^^^^^^^^^^^^^^^^
  File "C:\Users\megas\PycharmProjects\Django_project\.venv\Lib\site-packages\django\utils\decorators.py", line 48, in _wrapper
    return bound_method(*args, **kwargs)
           ^^^^^^^^^^^^^^^^^^^^^^^^^^^^^
  File "C:\Users\megas\PycharmProjects\Django_project\.venv\Lib\site-packages\django\utils\decorators.py", line 192, in _view_wrapper
    result = _process_exception(request, e)
             ^^^^^^^^^^^^^^^^^^^^^^^^^^^^^^
  File "C:\Users\megas\PycharmProjects\Django_project\.venv\Lib\site-packages\django\utils\decorators.py", line 190, in _view_wrapper
    response = view_func(request, *args, **kwargs)
               ^^^^^^^^^^^^^^^^^^^^^^^^^^^^^^^^^^^
  File "C:\Users\megas\PycharmProjects\Django_project\.venv\Lib\site-packages\django\contrib\admin\options.py", line 1798, in changeform_view
    return self._changeform_view(request, object_id, form_url, extra_context)
           ^^^^^^^^^^^^^^^^^^^^^^^^^^^^^^^^^^^^^^^^^^^^^^^^^^^^^^^^^^^^^^^^^^
  File "C:\Users\megas\PycharmProjects\Django_project\.venv\Lib\site-packages\django\contrib\admin\options.py", line 1828, in _changeform_view
    raise PermissionDenied
django.core.exceptions.PermissionDenied
[WARNING] | 2026-04-26 13:20:01,320 | django.request | log | Bad Request: /tasks/
[WARNING] | 2026-04-26 13:23:28,995 | django.request | log | Method Not Allowed: /tasks/
[WARNING] | 2026-04-26 13:24:15,424 | django.request | log | Bad Request: /tasks/33/
[WARNING] | 2026-04-26 13:24:40,869 | django.request | log | Bad Request: /tasks/33/
[ERROR] | 2026-04-26 13:24:45,643 | django.request | log | Internal Server Error: /tasks
Traceback (most recent call last):
  File "C:\Users\megas\PycharmProjects\Django_project\.venv\Lib\site-packages\django\core\handlers\exception.py", line 55, in inner
    response = get_response(request)
               ^^^^^^^^^^^^^^^^^^^^^
  File "C:\Users\megas\PycharmProjects\Django_project\.venv\Lib\site-packages\django\utils\deprecation.py", line 311, in __call__
    response = self.process_response(request, response)
               ^^^^^^^^^^^^^^^^^^^^^^^^^^^^^^^^^^^^^^^^
  File "C:\Users\megas\PycharmProjects\Django_project\.venv\Lib\site-packages\django\middleware\common.py", line 109, in process_response
    self.get_full_path_with_slash(request)
  File "C:\Users\megas\PycharmProjects\Django_project\.venv\Lib\site-packages\django\middleware\common.py", line 87, in get_full_path_with_slash
    raise RuntimeError(
RuntimeError: You called this URL via PATCH, but the URL doesn't end in a slash and you have APPEND_SLASH set. Django can't redirect to the slash URL while maintaining PATCH data. Change your form to point to 127.0.0.1:8000/tasks/ (note the trailing slash), or set APPEND_SLASH=False in your Django settings.
[WARNING] | 2026-04-26 13:25:57,366 | django.request | log | Bad Request: /tasks/33/
[WARNING] | 2026-04-26 13:27:37,197 | django.request | log | Bad Request: /tasks/33/
[WARNING] | 2026-04-26 13:27:57,833 | django.request | log | Bad Request: /tasks/33/
[WARNING] | 2026-04-26 13:28:05,130 | django.request | log | Bad Request: /tasks/33/
[WARNING] | 2026-04-26 13:29:27,725 | django.request | log | Bad Request: /tasks/33/
[WARNING] | 2026-04-26 13:31:03,093 | django.request | log | Bad Request: /tasks/33/
[WARNING] | 2026-04-26 13:35:54,735 | django.request | log | Bad Request: /tasks/33/
[WARNING] | 2026-04-26 13:59:04,718 | django.request | log | Bad Request: /tasks/33/
[WARNING] | 2026-04-26 14:00:06,874 | django.request | log | Bad Request: /tasks/33/
[WARNING] | 2026-04-26 14:00:30,162 | django.request | log | Bad Request: /tasks/33/
[WARNING] | 2026-04-26 14:02:28,502 | django.request | log | Bad Request: /tasks/33/
[WARNING] | 2026-04-26 14:03:20,816 | django.request | log | Bad Request: /tasks/33/
[WARNING] | 2026-04-26 14:07:50,134 | django.request | log | Bad Request: /tasks/33/
[WARNING] | 2026-04-26 14:09:45,087 | django.request | log | Method Not Allowed: /tasks/33/
[WARNING] | 2026-04-26 14:09:48,322 | django.request | log | Method Not Allowed: /tasks/33/
[WARNING] | 2026-04-26 14:16:43,887 | django.request | log | Bad Request: /tasks/33/
[WARNING] | 2026-04-26 14:18:56,676 | django.request | log | Bad Request: /tasks/1/
[ERROR] | 2026-04-26 14:19:04,914 | django.request | log | Internal Server Error: /tasks/1
Traceback (most recent call last):
  File "C:\Users\megas\PycharmProjects\Django_project\.venv\Lib\site-packages\django\core\handlers\exception.py", line 55, in inner
    response = get_response(request)
               ^^^^^^^^^^^^^^^^^^^^^
  File "C:\Users\megas\PycharmProjects\Django_project\.venv\Lib\site-packages\django\utils\deprecation.py", line 311, in __call__
    response = self.process_response(request, response)
               ^^^^^^^^^^^^^^^^^^^^^^^^^^^^^^^^^^^^^^^^
  File "C:\Users\megas\PycharmProjects\Django_project\.venv\Lib\site-packages\django\middleware\common.py", line 109, in process_response
    self.get_full_path_with_slash(request)
  File "C:\Users\megas\PycharmProjects\Django_project\.venv\Lib\site-packages\django\middleware\common.py", line 87, in get_full_path_with_slash
    raise RuntimeError(
RuntimeError: You called this URL via PATCH, but the URL doesn't end in a slash and you have APPEND_SLASH set. Django can't redirect to the slash URL while maintaining PATCH data. Change your form to point to 127.0.0.1:8000/tasks/1/ (note the trailing slash), or set APPEND_SLASH=False in your Django settings.
[WARNING] | 2026-04-26 14:19:20,337 | django.request | log | Bad Request: /tasks/1/
[ERROR] | 2026-04-26 14:30:06,932 | django.request | log | Internal Server Error: /tasks/1/
Traceback (most recent call last):
  File "C:\Users\megas\PycharmProjects\Django_project\.venv\Lib\site-packages\django\core\handlers\exception.py", line 55, in inner
    response = get_response(request)
               ^^^^^^^^^^^^^^^^^^^^^
  File "C:\Users\megas\PycharmProjects\Django_project\.venv\Lib\site-packages\django\core\handlers\base.py", line 198, in _get_response
    response = wrapped_callback(request, *callback_args, **callback_kwargs)
               ^^^^^^^^^^^^^^^^^^^^^^^^^^^^^^^^^^^^^^^^^^^^^^^^^^^^^^^^^^^^
  File "C:\Users\megas\PycharmProjects\Django_project\.venv\Lib\site-packages\django\views\decorators\csrf.py", line 65, in _view_wrapper
    return view_func(request, *args, **kwargs)
           ^^^^^^^^^^^^^^^^^^^^^^^^^^^^^^^^^^^
  File "C:\Users\megas\PycharmProjects\Django_project\.venv\Lib\site-packages\django\views\generic\base.py", line 106, in view
    return self.dispatch(request, *args, **kwargs)
           ^^^^^^^^^^^^^^^^^^^^^^^^^^^^^^^^^^^^^^^
  File "C:\Users\megas\PycharmProjects\Django_project\.venv\Lib\site-packages\rest_framework\views.py", line 515, in dispatch
    response = self.handle_exception(exc)
               ^^^^^^^^^^^^^^^^^^^^^^^^^^
  File "C:\Users\megas\PycharmProjects\Django_project\.venv\Lib\site-packages\rest_framework\views.py", line 475, in handle_exception
    self.raise_uncaught_exception(exc)
  File "C:\Users\megas\PycharmProjects\Django_project\.venv\Lib\site-packages\rest_framework\views.py", line 486, in raise_uncaught_exception
    raise exc
  File "C:\Users\megas\PycharmProjects\Django_project\.venv\Lib\site-packages\rest_framework\views.py", line 512, in dispatch
    response = handler(request, *args, **kwargs)
               ^^^^^^^^^^^^^^^^^^^^^^^^^^^^^^^^^
  File "C:\Users\megas\PycharmProjects\Django_project\.venv\Lib\site-packages\rest_framework\generics.py", line 292, in patch
    return self.partial_update(request, *args, **kwargs)
           ^^^^^^^^^^^^^^^^^^^^^^^^^^^^^^^^^^^^^^^^^^^^^
  File "C:\Users\megas\PycharmProjects\Django_project\.venv\Lib\site-packages\rest_framework\mixins.py", line 82, in partial_update
    return self.update(request, *args, **kwargs)
           ^^^^^^^^^^^^^^^^^^^^^^^^^^^^^^^^^^^^^
  File "C:\Users\megas\PycharmProjects\Django_project\.venv\Lib\site-packages\rest_framework\mixins.py", line 67, in update
    serializer.is_valid(raise_exception=True)
  File "C:\Users\megas\PycharmProjects\Django_project\.venv\Lib\site-packages\rest_framework\serializers.py", line 225, in is_valid
    self._validated_data = self.run_validation(self.initial_data)
                           ^^^^^^^^^^^^^^^^^^^^^^^^^^^^^^^^^^^^^^
  File "C:\Users\megas\PycharmProjects\Django_project\.venv\Lib\site-packages\rest_framework\serializers.py", line 444, in run_validation
    value = self.to_internal_value(data)
            ^^^^^^^^^^^^^^^^^^^^^^^^^^^^
  File "C:\Users\megas\PycharmProjects\Django_project\.venv\Lib\site-packages\rest_framework\serializers.py", line 497, in to_internal_value
    for field in fields:
                 ^^^^^^
  File "C:\Users\megas\PycharmProjects\Django_project\.venv\Lib\site-packages\rest_framework\serializers.py", line 380, in _writable_fields
    for field in self.fields.values():
                 ^^^^^^^^^^^
  File "C:\Users\megas\PycharmProjects\Django_project\.venv\Lib\site-packages\django\utils\functional.py", line 47, in __get__
    res = instance.__dict__[self.name] = self.func(instance)
                                         ^^^^^^^^^^^^^^^^^^^
  File "C:\Users\megas\PycharmProjects\Django_project\.venv\Lib\site-packages\rest_framework\serializers.py", line 374, in fields
    for key, value in self.get_fields().items():
                      ^^^^^^^^^^^^^^^^^
  File "C:\Users\megas\PycharmProjects\Django_project\.venv\Lib\site-packages\rest_framework\serializers.py", line 1081, in get_fields
    field_names = self.get_field_names(declared_fields, info)
                  ^^^^^^^^^^^^^^^^^^^^^^^^^^^^^^^^^^^^^^^^^^^
  File "C:\Users\megas\PycharmProjects\Django_project\.venv\Lib\site-packages\rest_framework\serializers.py", line 1177, in get_field_names
    assert field_name in fields, (
           ^^^^^^^^^^^^^^^^^^^^
AssertionError: The field 'owner' was declared on serializer TaskCreateSerializer, but has not been included in the 'fields' option.
[ERROR] | 2026-04-26 14:32:53,301 | django.request | log | Internal Server Error: /tasks/1/
Traceback (most recent call last):
  File "C:\Users\megas\PycharmProjects\Django_project\.venv\Lib\site-packages\django\core\handlers\exception.py", line 55, in inner
    response = get_response(request)
               ^^^^^^^^^^^^^^^^^^^^^
  File "C:\Users\megas\PycharmProjects\Django_project\.venv\Lib\site-packages\django\core\handlers\base.py", line 198, in _get_response
    response = wrapped_callback(request, *callback_args, **callback_kwargs)
               ^^^^^^^^^^^^^^^^^^^^^^^^^^^^^^^^^^^^^^^^^^^^^^^^^^^^^^^^^^^^
  File "C:\Users\megas\PycharmProjects\Django_project\.venv\Lib\site-packages\django\views\decorators\csrf.py", line 65, in _view_wrapper
    return view_func(request, *args, **kwargs)
           ^^^^^^^^^^^^^^^^^^^^^^^^^^^^^^^^^^^
  File "C:\Users\megas\PycharmProjects\Django_project\.venv\Lib\site-packages\django\views\generic\base.py", line 106, in view
    return self.dispatch(request, *args, **kwargs)
           ^^^^^^^^^^^^^^^^^^^^^^^^^^^^^^^^^^^^^^^
  File "C:\Users\megas\PycharmProjects\Django_project\.venv\Lib\site-packages\rest_framework\views.py", line 515, in dispatch
    response = self.handle_exception(exc)
               ^^^^^^^^^^^^^^^^^^^^^^^^^^
  File "C:\Users\megas\PycharmProjects\Django_project\.venv\Lib\site-packages\rest_framework\views.py", line 475, in handle_exception
    self.raise_uncaught_exception(exc)
  File "C:\Users\megas\PycharmProjects\Django_project\.venv\Lib\site-packages\rest_framework\views.py", line 486, in raise_uncaught_exception
    raise exc
  File "C:\Users\megas\PycharmProjects\Django_project\.venv\Lib\site-packages\rest_framework\views.py", line 512, in dispatch
    response = handler(request, *args, **kwargs)
               ^^^^^^^^^^^^^^^^^^^^^^^^^^^^^^^^^
  File "C:\Users\megas\PycharmProjects\Django_project\.venv\Lib\site-packages\rest_framework\generics.py", line 292, in patch
    return self.partial_update(request, *args, **kwargs)
           ^^^^^^^^^^^^^^^^^^^^^^^^^^^^^^^^^^^^^^^^^^^^^
  File "C:\Users\megas\PycharmProjects\Django_project\.venv\Lib\site-packages\rest_framework\mixins.py", line 82, in partial_update
    return self.update(request, *args, **kwargs)
           ^^^^^^^^^^^^^^^^^^^^^^^^^^^^^^^^^^^^^
  File "C:\Users\megas\PycharmProjects\Django_project\.venv\Lib\site-packages\rest_framework\mixins.py", line 67, in update
    serializer.is_valid(raise_exception=True)
  File "C:\Users\megas\PycharmProjects\Django_project\.venv\Lib\site-packages\rest_framework\serializers.py", line 225, in is_valid
    self._validated_data = self.run_validation(self.initial_data)
                           ^^^^^^^^^^^^^^^^^^^^^^^^^^^^^^^^^^^^^^
  File "C:\Users\megas\PycharmProjects\Django_project\.venv\Lib\site-packages\rest_framework\serializers.py", line 444, in run_validation
    value = self.to_internal_value(data)
            ^^^^^^^^^^^^^^^^^^^^^^^^^^^^
  File "C:\Users\megas\PycharmProjects\Django_project\.venv\Lib\site-packages\rest_framework\serializers.py", line 497, in to_internal_value
    for field in fields:
                 ^^^^^^
  File "C:\Users\megas\PycharmProjects\Django_project\.venv\Lib\site-packages\rest_framework\serializers.py", line 380, in _writable_fields
    for field in self.fields.values():
                 ^^^^^^^^^^^
  File "C:\Users\megas\PycharmProjects\Django_project\.venv\Lib\site-packages\django\utils\functional.py", line 47, in __get__
    res = instance.__dict__[self.name] = self.func(instance)
                                         ^^^^^^^^^^^^^^^^^^^
  File "C:\Users\megas\PycharmProjects\Django_project\.venv\Lib\site-packages\rest_framework\serializers.py", line 374, in fields
    for key, value in self.get_fields().items():
                      ^^^^^^^^^^^^^^^^^
  File "C:\Users\megas\PycharmProjects\Django_project\.venv\Lib\site-packages\rest_framework\serializers.py", line 1081, in get_fields
    field_names = self.get_field_names(declared_fields, info)
                  ^^^^^^^^^^^^^^^^^^^^^^^^^^^^^^^^^^^^^^^^^^^
  File "C:\Users\megas\PycharmProjects\Django_project\.venv\Lib\site-packages\rest_framework\serializers.py", line 1177, in get_field_names
    assert field_name in fields, (
           ^^^^^^^^^^^^^^^^^^^^
AssertionError: The field 'owner' was declared on serializer TaskCreateSerializer, but has not been included in the 'fields' option.
[ERROR] | 2026-04-26 14:35:40,269 | django.request | log | Internal Server Error: /tasks/1/
Traceback (most recent call last):
  File "C:\Users\megas\PycharmProjects\Django_project\.venv\Lib\site-packages\django\core\handlers\exception.py", line 55, in inner
    response = get_response(request)
               ^^^^^^^^^^^^^^^^^^^^^
  File "C:\Users\megas\PycharmProjects\Django_project\.venv\Lib\site-packages\django\core\handlers\base.py", line 198, in _get_response
    response = wrapped_callback(request, *callback_args, **callback_kwargs)
               ^^^^^^^^^^^^^^^^^^^^^^^^^^^^^^^^^^^^^^^^^^^^^^^^^^^^^^^^^^^^
  File "C:\Users\megas\PycharmProjects\Django_project\.venv\Lib\site-packages\django\views\decorators\csrf.py", line 65, in _view_wrapper
    return view_func(request, *args, **kwargs)
           ^^^^^^^^^^^^^^^^^^^^^^^^^^^^^^^^^^^
  File "C:\Users\megas\PycharmProjects\Django_project\.venv\Lib\site-packages\django\views\generic\base.py", line 106, in view
    return self.dispatch(request, *args, **kwargs)
           ^^^^^^^^^^^^^^^^^^^^^^^^^^^^^^^^^^^^^^^
  File "C:\Users\megas\PycharmProjects\Django_project\.venv\Lib\site-packages\rest_framework\views.py", line 515, in dispatch
    response = self.handle_exception(exc)
               ^^^^^^^^^^^^^^^^^^^^^^^^^^
  File "C:\Users\megas\PycharmProjects\Django_project\.venv\Lib\site-packages\rest_framework\views.py", line 475, in handle_exception
    self.raise_uncaught_exception(exc)
  File "C:\Users\megas\PycharmProjects\Django_project\.venv\Lib\site-packages\rest_framework\views.py", line 486, in raise_uncaught_exception
    raise exc
  File "C:\Users\megas\PycharmProjects\Django_project\.venv\Lib\site-packages\rest_framework\views.py", line 512, in dispatch
    response = handler(request, *args, **kwargs)
               ^^^^^^^^^^^^^^^^^^^^^^^^^^^^^^^^^
  File "C:\Users\megas\PycharmProjects\Django_project\.venv\Lib\site-packages\rest_framework\generics.py", line 292, in patch
    return self.partial_update(request, *args, **kwargs)
           ^^^^^^^^^^^^^^^^^^^^^^^^^^^^^^^^^^^^^^^^^^^^^
  File "C:\Users\megas\PycharmProjects\Django_project\.venv\Lib\site-packages\rest_framework\mixins.py", line 82, in partial_update
    return self.update(request, *args, **kwargs)
           ^^^^^^^^^^^^^^^^^^^^^^^^^^^^^^^^^^^^^
  File "C:\Users\megas\PycharmProjects\Django_project\.venv\Lib\site-packages\rest_framework\mixins.py", line 67, in update
    serializer.is_valid(raise_exception=True)
  File "C:\Users\megas\PycharmProjects\Django_project\.venv\Lib\site-packages\rest_framework\serializers.py", line 225, in is_valid
    self._validated_data = self.run_validation(self.initial_data)
                           ^^^^^^^^^^^^^^^^^^^^^^^^^^^^^^^^^^^^^^
  File "C:\Users\megas\PycharmProjects\Django_project\.venv\Lib\site-packages\rest_framework\serializers.py", line 444, in run_validation
    value = self.to_internal_value(data)
            ^^^^^^^^^^^^^^^^^^^^^^^^^^^^
  File "C:\Users\megas\PycharmProjects\Django_project\.venv\Lib\site-packages\rest_framework\serializers.py", line 497, in to_internal_value
    for field in fields:
                 ^^^^^^
  File "C:\Users\megas\PycharmProjects\Django_project\.venv\Lib\site-packages\rest_framework\serializers.py", line 380, in _writable_fields
    for field in self.fields.values():
                 ^^^^^^^^^^^
  File "C:\Users\megas\PycharmProjects\Django_project\.venv\Lib\site-packages\django\utils\functional.py", line 47, in __get__
    res = instance.__dict__[self.name] = self.func(instance)
                                         ^^^^^^^^^^^^^^^^^^^
  File "C:\Users\megas\PycharmProjects\Django_project\.venv\Lib\site-packages\rest_framework\serializers.py", line 374, in fields
    for key, value in self.get_fields().items():
                      ^^^^^^^^^^^^^^^^^
  File "C:\Users\megas\PycharmProjects\Django_project\.venv\Lib\site-packages\rest_framework\serializers.py", line 1081, in get_fields
    field_names = self.get_field_names(declared_fields, info)
                  ^^^^^^^^^^^^^^^^^^^^^^^^^^^^^^^^^^^^^^^^^^^
  File "C:\Users\megas\PycharmProjects\Django_project\.venv\Lib\site-packages\rest_framework\serializers.py", line 1177, in get_field_names
    assert field_name in fields, (
           ^^^^^^^^^^^^^^^^^^^^
AssertionError: The field 'owner' was declared on serializer TaskCreateSerializer, but has not been included in the 'fields' option.
[ERROR] | 2026-04-26 14:42:03,985 | django.request | log | Internal Server Error: /tasks/1/
Traceback (most recent call last):
  File "C:\Users\megas\PycharmProjects\Django_project\.venv\Lib\site-packages\django\core\handlers\exception.py", line 55, in inner
    response = get_response(request)
               ^^^^^^^^^^^^^^^^^^^^^
  File "C:\Users\megas\PycharmProjects\Django_project\.venv\Lib\site-packages\django\core\handlers\base.py", line 198, in _get_response
    response = wrapped_callback(request, *callback_args, **callback_kwargs)
               ^^^^^^^^^^^^^^^^^^^^^^^^^^^^^^^^^^^^^^^^^^^^^^^^^^^^^^^^^^^^
  File "C:\Users\megas\PycharmProjects\Django_project\.venv\Lib\site-packages\django\views\decorators\csrf.py", line 65, in _view_wrapper
    return view_func(request, *args, **kwargs)
           ^^^^^^^^^^^^^^^^^^^^^^^^^^^^^^^^^^^
  File "C:\Users\megas\PycharmProjects\Django_project\.venv\Lib\site-packages\django\views\generic\base.py", line 106, in view
    return self.dispatch(request, *args, **kwargs)
           ^^^^^^^^^^^^^^^^^^^^^^^^^^^^^^^^^^^^^^^
  File "C:\Users\megas\PycharmProjects\Django_project\.venv\Lib\site-packages\rest_framework\views.py", line 515, in dispatch
    response = self.handle_exception(exc)
               ^^^^^^^^^^^^^^^^^^^^^^^^^^
  File "C:\Users\megas\PycharmProjects\Django_project\.venv\Lib\site-packages\rest_framework\views.py", line 475, in handle_exception
    self.raise_uncaught_exception(exc)
  File "C:\Users\megas\PycharmProjects\Django_project\.venv\Lib\site-packages\rest_framework\views.py", line 486, in raise_uncaught_exception
    raise exc
  File "C:\Users\megas\PycharmProjects\Django_project\.venv\Lib\site-packages\rest_framework\views.py", line 512, in dispatch
    response = handler(request, *args, **kwargs)
               ^^^^^^^^^^^^^^^^^^^^^^^^^^^^^^^^^
  File "C:\Users\megas\PycharmProjects\Django_project\.venv\Lib\site-packages\rest_framework\generics.py", line 292, in patch
    return self.partial_update(request, *args, **kwargs)
           ^^^^^^^^^^^^^^^^^^^^^^^^^^^^^^^^^^^^^^^^^^^^^
  File "C:\Users\megas\PycharmProjects\Django_project\.venv\Lib\site-packages\rest_framework\mixins.py", line 82, in partial_update
    return self.update(request, *args, **kwargs)
           ^^^^^^^^^^^^^^^^^^^^^^^^^^^^^^^^^^^^^
  File "C:\Users\megas\PycharmProjects\Django_project\.venv\Lib\site-packages\rest_framework\mixins.py", line 67, in update
    serializer.is_valid(raise_exception=True)
  File "C:\Users\megas\PycharmProjects\Django_project\.venv\Lib\site-packages\rest_framework\serializers.py", line 225, in is_valid
    self._validated_data = self.run_validation(self.initial_data)
                           ^^^^^^^^^^^^^^^^^^^^^^^^^^^^^^^^^^^^^^
  File "C:\Users\megas\PycharmProjects\Django_project\.venv\Lib\site-packages\rest_framework\serializers.py", line 444, in run_validation
    value = self.to_internal_value(data)
            ^^^^^^^^^^^^^^^^^^^^^^^^^^^^
  File "C:\Users\megas\PycharmProjects\Django_project\.venv\Lib\site-packages\rest_framework\serializers.py", line 497, in to_internal_value
    for field in fields:
                 ^^^^^^
  File "C:\Users\megas\PycharmProjects\Django_project\.venv\Lib\site-packages\rest_framework\serializers.py", line 380, in _writable_fields
    for field in self.fields.values():
                 ^^^^^^^^^^^
  File "C:\Users\megas\PycharmProjects\Django_project\.venv\Lib\site-packages\django\utils\functional.py", line 47, in __get__
    res = instance.__dict__[self.name] = self.func(instance)
                                         ^^^^^^^^^^^^^^^^^^^
  File "C:\Users\megas\PycharmProjects\Django_project\.venv\Lib\site-packages\rest_framework\serializers.py", line 374, in fields
    for key, value in self.get_fields().items():
                      ^^^^^^^^^^^^^^^^^
  File "C:\Users\megas\PycharmProjects\Django_project\.venv\Lib\site-packages\rest_framework\serializers.py", line 1081, in get_fields
    field_names = self.get_field_names(declared_fields, info)
                  ^^^^^^^^^^^^^^^^^^^^^^^^^^^^^^^^^^^^^^^^^^^
  File "C:\Users\megas\PycharmProjects\Django_project\.venv\Lib\site-packages\rest_framework\serializers.py", line 1177, in get_field_names
    assert field_name in fields, (
           ^^^^^^^^^^^^^^^^^^^^
AssertionError: The field 'owner' was declared on serializer TaskCreateSerializer, but has not been included in the 'fields' option.
[WARNING] | 2026-04-26 14:42:57,557 | django.request | log | Unauthorized: /tasks/1/
[ERROR] | 2026-04-26 14:44:07,453 | django.request | log | Internal Server Error: /tasks/1/
Traceback (most recent call last):
  File "C:\Users\megas\PycharmProjects\Django_project\.venv\Lib\site-packages\django\core\handlers\exception.py", line 55, in inner
    response = get_response(request)
               ^^^^^^^^^^^^^^^^^^^^^
  File "C:\Users\megas\PycharmProjects\Django_project\.venv\Lib\site-packages\django\core\handlers\base.py", line 198, in _get_response
    response = wrapped_callback(request, *callback_args, **callback_kwargs)
               ^^^^^^^^^^^^^^^^^^^^^^^^^^^^^^^^^^^^^^^^^^^^^^^^^^^^^^^^^^^^
  File "C:\Users\megas\PycharmProjects\Django_project\.venv\Lib\site-packages\django\views\decorators\csrf.py", line 65, in _view_wrapper
    return view_func(request, *args, **kwargs)
           ^^^^^^^^^^^^^^^^^^^^^^^^^^^^^^^^^^^
  File "C:\Users\megas\PycharmProjects\Django_project\.venv\Lib\site-packages\django\views\generic\base.py", line 106, in view
    return self.dispatch(request, *args, **kwargs)
           ^^^^^^^^^^^^^^^^^^^^^^^^^^^^^^^^^^^^^^^
  File "C:\Users\megas\PycharmProjects\Django_project\.venv\Lib\site-packages\rest_framework\views.py", line 515, in dispatch
    response = self.handle_exception(exc)
               ^^^^^^^^^^^^^^^^^^^^^^^^^^
  File "C:\Users\megas\PycharmProjects\Django_project\.venv\Lib\site-packages\rest_framework\views.py", line 475, in handle_exception
    self.raise_uncaught_exception(exc)
  File "C:\Users\megas\PycharmProjects\Django_project\.venv\Lib\site-packages\rest_framework\views.py", line 486, in raise_uncaught_exception
    raise exc
  File "C:\Users\megas\PycharmProjects\Django_project\.venv\Lib\site-packages\rest_framework\views.py", line 512, in dispatch
    response = handler(request, *args, **kwargs)
               ^^^^^^^^^^^^^^^^^^^^^^^^^^^^^^^^^
  File "C:\Users\megas\PycharmProjects\Django_project\.venv\Lib\site-packages\rest_framework\generics.py", line 292, in patch
    return self.partial_update(request, *args, **kwargs)
           ^^^^^^^^^^^^^^^^^^^^^^^^^^^^^^^^^^^^^^^^^^^^^
  File "C:\Users\megas\PycharmProjects\Django_project\.venv\Lib\site-packages\rest_framework\mixins.py", line 82, in partial_update
    return self.update(request, *args, **kwargs)
           ^^^^^^^^^^^^^^^^^^^^^^^^^^^^^^^^^^^^^
  File "C:\Users\megas\PycharmProjects\Django_project\.venv\Lib\site-packages\rest_framework\mixins.py", line 67, in update
    serializer.is_valid(raise_exception=True)
  File "C:\Users\megas\PycharmProjects\Django_project\.venv\Lib\site-packages\rest_framework\serializers.py", line 225, in is_valid
    self._validated_data = self.run_validation(self.initial_data)
                           ^^^^^^^^^^^^^^^^^^^^^^^^^^^^^^^^^^^^^^
  File "C:\Users\megas\PycharmProjects\Django_project\.venv\Lib\site-packages\rest_framework\serializers.py", line 444, in run_validation
    value = self.to_internal_value(data)
            ^^^^^^^^^^^^^^^^^^^^^^^^^^^^
  File "C:\Users\megas\PycharmProjects\Django_project\.venv\Lib\site-packages\rest_framework\serializers.py", line 497, in to_internal_value
    for field in fields:
                 ^^^^^^
  File "C:\Users\megas\PycharmProjects\Django_project\.venv\Lib\site-packages\rest_framework\serializers.py", line 380, in _writable_fields
    for field in self.fields.values():
                 ^^^^^^^^^^^
  File "C:\Users\megas\PycharmProjects\Django_project\.venv\Lib\site-packages\django\utils\functional.py", line 47, in __get__
    res = instance.__dict__[self.name] = self.func(instance)
                                         ^^^^^^^^^^^^^^^^^^^
  File "C:\Users\megas\PycharmProjects\Django_project\.venv\Lib\site-packages\rest_framework\serializers.py", line 374, in fields
    for key, value in self.get_fields().items():
                      ^^^^^^^^^^^^^^^^^
  File "C:\Users\megas\PycharmProjects\Django_project\.venv\Lib\site-packages\rest_framework\serializers.py", line 1081, in get_fields
    field_names = self.get_field_names(declared_fields, info)
                  ^^^^^^^^^^^^^^^^^^^^^^^^^^^^^^^^^^^^^^^^^^^
  File "C:\Users\megas\PycharmProjects\Django_project\.venv\Lib\site-packages\rest_framework\serializers.py", line 1177, in get_field_names
    assert field_name in fields, (
           ^^^^^^^^^^^^^^^^^^^^
AssertionError: The field 'owner' was declared on serializer TaskCreateSerializer, but has not been included in the 'fields' option.
[WARNING] | 2026-04-26 15:04:40,351 | django.request | log | Unauthorized: /tasks/1/
[WARNING] | 2026-04-26 15:09:45,624 | django.request | log | Unauthorized: /tasks/
[WARNING] | 2026-04-26 15:10:17,274 | django.request | log | Unauthorized: /tasks/
[WARNING] | 2026-04-26 15:43:48,532 | django.request | log | Method Not Allowed: /api/token/
[ERROR] | 2026-04-26 15:45:39,133 | django.request | log | Internal Server Error: /tasks/1/
Traceback (most recent call last):
  File "C:\Users\megas\PycharmProjects\Django_project\.venv\Lib\site-packages\django\core\handlers\exception.py", line 55, in inner
    response = get_response(request)
               ^^^^^^^^^^^^^^^^^^^^^
  File "C:\Users\megas\PycharmProjects\Django_project\.venv\Lib\site-packages\django\core\handlers\base.py", line 198, in _get_response
    response = wrapped_callback(request, *callback_args, **callback_kwargs)
               ^^^^^^^^^^^^^^^^^^^^^^^^^^^^^^^^^^^^^^^^^^^^^^^^^^^^^^^^^^^^
  File "C:\Users\megas\PycharmProjects\Django_project\.venv\Lib\site-packages\django\views\decorators\csrf.py", line 65, in _view_wrapper
    return view_func(request, *args, **kwargs)
           ^^^^^^^^^^^^^^^^^^^^^^^^^^^^^^^^^^^
  File "C:\Users\megas\PycharmProjects\Django_project\.venv\Lib\site-packages\django\views\generic\base.py", line 106, in view
    return self.dispatch(request, *args, **kwargs)
           ^^^^^^^^^^^^^^^^^^^^^^^^^^^^^^^^^^^^^^^
  File "C:\Users\megas\PycharmProjects\Django_project\.venv\Lib\site-packages\rest_framework\views.py", line 515, in dispatch
    response = self.handle_exception(exc)
               ^^^^^^^^^^^^^^^^^^^^^^^^^^
  File "C:\Users\megas\PycharmProjects\Django_project\.venv\Lib\site-packages\rest_framework\views.py", line 475, in handle_exception
    self.raise_uncaught_exception(exc)
  File "C:\Users\megas\PycharmProjects\Django_project\.venv\Lib\site-packages\rest_framework\views.py", line 486, in raise_uncaught_exception
    raise exc
  File "C:\Users\megas\PycharmProjects\Django_project\.venv\Lib\site-packages\rest_framework\views.py", line 512, in dispatch
    response = handler(request, *args, **kwargs)
               ^^^^^^^^^^^^^^^^^^^^^^^^^^^^^^^^^
  File "C:\Users\megas\PycharmProjects\Django_project\.venv\Lib\site-packages\rest_framework\generics.py", line 292, in patch
    return self.partial_update(request, *args, **kwargs)
           ^^^^^^^^^^^^^^^^^^^^^^^^^^^^^^^^^^^^^^^^^^^^^
  File "C:\Users\megas\PycharmProjects\Django_project\.venv\Lib\site-packages\rest_framework\mixins.py", line 82, in partial_update
    return self.update(request, *args, **kwargs)
           ^^^^^^^^^^^^^^^^^^^^^^^^^^^^^^^^^^^^^
  File "C:\Users\megas\PycharmProjects\Django_project\.venv\Lib\site-packages\rest_framework\mixins.py", line 67, in update
    serializer.is_valid(raise_exception=True)
  File "C:\Users\megas\PycharmProjects\Django_project\.venv\Lib\site-packages\rest_framework\serializers.py", line 225, in is_valid
    self._validated_data = self.run_validation(self.initial_data)
                           ^^^^^^^^^^^^^^^^^^^^^^^^^^^^^^^^^^^^^^
  File "C:\Users\megas\PycharmProjects\Django_project\.venv\Lib\site-packages\rest_framework\serializers.py", line 444, in run_validation
    value = self.to_internal_value(data)
            ^^^^^^^^^^^^^^^^^^^^^^^^^^^^
  File "C:\Users\megas\PycharmProjects\Django_project\.venv\Lib\site-packages\rest_framework\serializers.py", line 497, in to_internal_value
    for field in fields:
                 ^^^^^^
  File "C:\Users\megas\PycharmProjects\Django_project\.venv\Lib\site-packages\rest_framework\serializers.py", line 380, in _writable_fields
    for field in self.fields.values():
                 ^^^^^^^^^^^
  File "C:\Users\megas\PycharmProjects\Django_project\.venv\Lib\site-packages\django\utils\functional.py", line 47, in __get__
    res = instance.__dict__[self.name] = self.func(instance)
                                         ^^^^^^^^^^^^^^^^^^^
  File "C:\Users\megas\PycharmProjects\Django_project\.venv\Lib\site-packages\rest_framework\serializers.py", line 374, in fields
    for key, value in self.get_fields().items():
                      ^^^^^^^^^^^^^^^^^
  File "C:\Users\megas\PycharmProjects\Django_project\.venv\Lib\site-packages\rest_framework\serializers.py", line 1081, in get_fields
    field_names = self.get_field_names(declared_fields, info)
                  ^^^^^^^^^^^^^^^^^^^^^^^^^^^^^^^^^^^^^^^^^^^
  File "C:\Users\megas\PycharmProjects\Django_project\.venv\Lib\site-packages\rest_framework\serializers.py", line 1177, in get_field_names
    assert field_name in fields, (
           ^^^^^^^^^^^^^^^^^^^^
AssertionError: The field 'owner' was declared on serializer TaskCreateSerializer, but has not been included in the 'fields' option.
[WARNING] | 2026-04-26 15:49:27,751 | django.request | log | Bad Request: /tasks/1/
[WARNING] | 2026-04-26 15:55:17,686 | django.request | log | Method Not Allowed: /tasks/
[WARNING] | 2026-04-27 12:09:57,104 | django.request | log | Not Found: /favicon.ico
[ERROR] | 2026-04-27 12:10:36,059 | django.request | log | Internal Server Error: /api/schema/swagger/
Traceback (most recent call last):
  File "C:\Users\megas\PycharmProjects\Django_project\.venv\Lib\site-packages\django\core\handlers\exception.py", line 55, in inner
    response = get_response(request)
               ^^^^^^^^^^^^^^^^^^^^^
  File "C:\Users\megas\PycharmProjects\Django_project\.venv\Lib\site-packages\django\core\handlers\base.py", line 221, in _get_response
    response = response.render()
               ^^^^^^^^^^^^^^^^^
  File "C:\Users\megas\PycharmProjects\Django_project\.venv\Lib\site-packages\django\template\response.py", line 114, in render
    self.content = self.rendered_content
                   ^^^^^^^^^^^^^^^^^^^^^
  File "C:\Users\megas\PycharmProjects\Django_project\.venv\Lib\site-packages\rest_framework\response.py", line 74, in rendered_content
    ret = renderer.render(self.data, accepted_media_type, context)
          ^^^^^^^^^^^^^^^^^^^^^^^^^^^^^^^^^^^^^^^^^^^^^^^^^^^^^^^^
  File "C:\Users\megas\PycharmProjects\Django_project\.venv\Lib\site-packages\rest_framework\renderers.py", line 160, in render
    template = self.resolve_template(template_names)
               ^^^^^^^^^^^^^^^^^^^^^^^^^^^^^^^^^^^^^
  File "C:\Users\megas\PycharmProjects\Django_project\.venv\Lib\site-packages\rest_framework\renderers.py", line 170, in resolve_template
    return loader.select_template(template_names)
           ^^^^^^^^^^^^^^^^^^^^^^^^^^^^^^^^^^^^^^
  File "C:\Users\megas\PycharmProjects\Django_project\.venv\Lib\site-packages\django\template\loader.py", line 47, in select_template
    raise TemplateDoesNotExist(", ".join(template_name_list), chain=chain)
django.template.exceptions.TemplateDoesNotExist: drf_spectacular/swagger_ui.html
[WARNING] | 2026-04-27 12:11:39,520 | django.request | log | Not Found: /api/schema/swagger/swagger/
[ERROR] | 2026-04-27 12:14:18,676 | django.request | log | Internal Server Error: /api/schema/swagger/
Traceback (most recent call last):
  File "C:\Users\megas\PycharmProjects\Django_project\.venv\Lib\site-packages\django\core\handlers\exception.py", line 55, in inner
    response = get_response(request)
               ^^^^^^^^^^^^^^^^^^^^^
  File "C:\Users\megas\PycharmProjects\Django_project\.venv\Lib\site-packages\django\core\handlers\base.py", line 221, in _get_response
    response = response.render()
               ^^^^^^^^^^^^^^^^^
  File "C:\Users\megas\PycharmProjects\Django_project\.venv\Lib\site-packages\django\template\response.py", line 114, in render
    self.content = self.rendered_content
                   ^^^^^^^^^^^^^^^^^^^^^
  File "C:\Users\megas\PycharmProjects\Django_project\.venv\Lib\site-packages\rest_framework\response.py", line 74, in rendered_content
    ret = renderer.render(self.data, accepted_media_type, context)
          ^^^^^^^^^^^^^^^^^^^^^^^^^^^^^^^^^^^^^^^^^^^^^^^^^^^^^^^^
  File "C:\Users\megas\PycharmProjects\Django_project\.venv\Lib\site-packages\rest_framework\renderers.py", line 160, in render
    template = self.resolve_template(template_names)
               ^^^^^^^^^^^^^^^^^^^^^^^^^^^^^^^^^^^^^
  File "C:\Users\megas\PycharmProjects\Django_project\.venv\Lib\site-packages\rest_framework\renderers.py", line 170, in resolve_template
    return loader.select_template(template_names)
           ^^^^^^^^^^^^^^^^^^^^^^^^^^^^^^^^^^^^^^
  File "C:\Users\megas\PycharmProjects\Django_project\.venv\Lib\site-packages\django\template\loader.py", line 47, in select_template
    raise TemplateDoesNotExist(", ".join(template_name_list), chain=chain)
django.template.exceptions.TemplateDoesNotExist: drf_spectacular/swagger_ui.html
[WARNING] | 2026-04-27 12:17:33,124 | django.request | log | Unauthorized: /user-tasks/
[WARNING] | 2026-04-28 11:11:00,782 | django.request | log | Not Found: /favicon.ico
[WARNING] | 2026-04-28 11:11:18,214 | django.request | log | Unauthorized: /tasks/
[WARNING] | 2026-04-28 11:11:18,791 | django.request | log | Unauthorized: /tasks/
[WARNING] | 2026-04-28 11:11:42,322 | django.request | log | Unauthorized: /tasks/
[WARNING] | 2026-04-28 11:12:00,572 | django.request | log | Unauthorized: /tasks/
[WARNING] | 2026-04-28 11:26:05,050 | django.request | log | Unauthorized: /tasks/
[WARNING] | 2026-04-28 11:26:55,190 | django.request | log | Unauthorized: /tasks/33/
[WARNING] | 2026-04-28 12:26:57,020 | django.request | log | Not Found: /api/register/
[WARNING] | 2026-04-28 12:27:35,777 | django.request | log | Not Found: /api/register/
[WARNING] | 2026-04-28 12:27:57,687 | django.request | log | Method Not Allowed: /register/
[ERROR] | 2026-04-28 12:31:55,067 | django.request | log | Internal Server Error: /register/
Traceback (most recent call last):
  File "C:\Users\megas\PycharmProjects\Django_project\.venv\Lib\site-packages\django\core\handlers\exception.py", line 55, in inner
    response = get_response(request)
               ^^^^^^^^^^^^^^^^^^^^^
  File "C:\Users\megas\PycharmProjects\Django_project\.venv\Lib\site-packages\django\core\handlers\base.py", line 198, in _get_response
    response = wrapped_callback(request, *callback_args, **callback_kwargs)
               ^^^^^^^^^^^^^^^^^^^^^^^^^^^^^^^^^^^^^^^^^^^^^^^^^^^^^^^^^^^^
  File "C:\Users\megas\PycharmProjects\Django_project\.venv\Lib\site-packages\django\views\decorators\csrf.py", line 65, in _view_wrapper
    return view_func(request, *args, **kwargs)
           ^^^^^^^^^^^^^^^^^^^^^^^^^^^^^^^^^^^
  File "C:\Users\megas\PycharmProjects\Django_project\.venv\Lib\site-packages\django\views\generic\base.py", line 106, in view
    return self.dispatch(request, *args, **kwargs)
           ^^^^^^^^^^^^^^^^^^^^^^^^^^^^^^^^^^^^^^^
  File "C:\Users\megas\PycharmProjects\Django_project\.venv\Lib\site-packages\rest_framework\views.py", line 515, in dispatch
    response = self.handle_exception(exc)
               ^^^^^^^^^^^^^^^^^^^^^^^^^^
  File "C:\Users\megas\PycharmProjects\Django_project\.venv\Lib\site-packages\rest_framework\views.py", line 475, in handle_exception
    self.raise_uncaught_exception(exc)
  File "C:\Users\megas\PycharmProjects\Django_project\.venv\Lib\site-packages\rest_framework\views.py", line 486, in raise_uncaught_exception
    raise exc
  File "C:\Users\megas\PycharmProjects\Django_project\.venv\Lib\site-packages\rest_framework\views.py", line 512, in dispatch
    response = handler(request, *args, **kwargs)
               ^^^^^^^^^^^^^^^^^^^^^^^^^^^^^^^^^
  File "C:\Users\megas\PycharmProjects\Django_project\my_new_app\views\user.py", line 34, in post
    set_jwt_cookies(response, user)
  File "C:\Users\megas\PycharmProjects\Django_project\my_new_app\utils.py", line 21, in set_jwt_cookies
    response.set_cookie(
TypeError: HttpResponseBase.set_cookie() got an unexpected keyword argument 'httpOnly'
[WARNING] | 2026-04-28 12:38:13,479 | django.request | log | Bad Request: /register/
[ERROR] | 2026-04-28 12:38:40,981 | django.request | log | Internal Server Error: /register/
Traceback (most recent call last):
  File "C:\Users\megas\PycharmProjects\Django_project\.venv\Lib\site-packages\django\core\handlers\exception.py", line 55, in inner
    response = get_response(request)
               ^^^^^^^^^^^^^^^^^^^^^
  File "C:\Users\megas\PycharmProjects\Django_project\.venv\Lib\site-packages\django\core\handlers\base.py", line 198, in _get_response
    response = wrapped_callback(request, *callback_args, **callback_kwargs)
               ^^^^^^^^^^^^^^^^^^^^^^^^^^^^^^^^^^^^^^^^^^^^^^^^^^^^^^^^^^^^
  File "C:\Users\megas\PycharmProjects\Django_project\.venv\Lib\site-packages\django\views\decorators\csrf.py", line 65, in _view_wrapper
    return view_func(request, *args, **kwargs)
           ^^^^^^^^^^^^^^^^^^^^^^^^^^^^^^^^^^^
  File "C:\Users\megas\PycharmProjects\Django_project\.venv\Lib\site-packages\django\views\generic\base.py", line 106, in view
    return self.dispatch(request, *args, **kwargs)
           ^^^^^^^^^^^^^^^^^^^^^^^^^^^^^^^^^^^^^^^
  File "C:\Users\megas\PycharmProjects\Django_project\.venv\Lib\site-packages\rest_framework\views.py", line 515, in dispatch
    response = self.handle_exception(exc)
               ^^^^^^^^^^^^^^^^^^^^^^^^^^
  File "C:\Users\megas\PycharmProjects\Django_project\.venv\Lib\site-packages\rest_framework\views.py", line 475, in handle_exception
    self.raise_uncaught_exception(exc)
  File "C:\Users\megas\PycharmProjects\Django_project\.venv\Lib\site-packages\rest_framework\views.py", line 486, in raise_uncaught_exception
    raise exc
  File "C:\Users\megas\PycharmProjects\Django_project\.venv\Lib\site-packages\rest_framework\views.py", line 512, in dispatch
    response = handler(request, *args, **kwargs)
               ^^^^^^^^^^^^^^^^^^^^^^^^^^^^^^^^^
  File "C:\Users\megas\PycharmProjects\Django_project\my_new_app\views\user.py", line 34, in post
    set_jwt_cookies(response, user)
  File "C:\Users\megas\PycharmProjects\Django_project\my_new_app\utils.py", line 21, in set_jwt_cookies
    response.set_cookie(
TypeError: HttpResponseBase.set_cookie() got an unexpected keyword argument 'httpOnly'
[WARNING] | 2026-04-28 12:41:16,829 | django.request | log | Bad Request: /register/
[WARNING] | 2026-04-29 16:02:36,839 | django.request | log | Unauthorized: /auth-login/
[WARNING] | 2026-04-29 16:07:45,816 | django.request | log | Unauthorized: /auth-login/
[WARNING] | 2026-05-03 22:38:46,210 | django.request | log | Unauthorized: /user-tasks/
[WARNING] | 2026-05-03 22:39:39,683 | django.request | log | Unauthorized: /tasks/
[WARNING] | 2026-05-03 23:11:33,454 | django.request | log | Unauthorized: /tasks/
[WARNING] | 2026-05-03 23:13:05,396 | django.request | log | Unauthorized: /tasks/
[WARNING] | 2026-05-03 23:26:35,489 | django.request | log | Method Not Allowed: /auth-login/
[WARNING] | 2026-05-03 23:27:22,599 | django.request | log | Unauthorized: /tasks/
